Using pre-set license
Built from '2020.3/staging' branch; Version is '2020.3.11f1 (99c7afb366b3) revision 10078127'; Using compiler version '192528614'; Build Type 'Release'
OS: 'Windows 10 Home; OS build 19042.1110; Version 2009; 64bit' Language: 'zh' Physical Memory: 16215 MB
BatchMode: 1, IsHumanControllingUs: 0, StartBugReporterOnCrash: 0, Is64bit: 1, IsPro: 0

 COMMAND LINE ARGUMENTS:
C:\Program Files\Unity\Hub\Editor\2020.3.11f1\Editor\Unity.exe
-adb2
-batchMode
-noUpm
-name
AssetImportWorker0
-projectPath
E:/VR2/VR2/VR
-logFile
Logs/AssetImportWorker0.log
-srvPort
54969
Successfully changed project path to: E:/VR2/VR2/VR
E:/VR2/VR2/VR
Using Asset Import Pipeline V2.
Refreshing native plugins compatible for Editor in 43.05 ms, found 5 plugins.
Preloading 1 native plugins for Editor in 1.20 ms.
Initialize engine version: 2020.3.11f1 (99c7afb366b3)
[Subsystems] Discovering subsystems at path C:/Program Files/Unity/Hub/Editor/2020.3.11f1/Editor/Data/Resources/UnitySubsystems
[Subsystems] Discovering subsystems at path E:/VR2/VR2/VR/Assets
GfxDevice: creating device client; threaded=0
Direct3D:
    Version:  Direct3D 11.0 [level 11.1]
    Renderer: NVIDIA GeForce RTX 3060 Laptop GPU (ID=0x2520)
    Vendor:   
    VRAM:     6023 MB
    Driver:   27.21.14.6179
Initialize mono
Mono path[0] = 'C:/Program Files/Unity/Hub/Editor/2020.3.11f1/Editor/Data/Managed'
Mono path[1] = 'C:/Program Files/Unity/Hub/Editor/2020.3.11f1/Editor/Data/MonoBleedingEdge/lib/mono/unityjit'
Mono config path = 'C:/Program Files/Unity/Hub/Editor/2020.3.11f1/Editor/Data/MonoBleedingEdge/etc'
Using monoOptions --debugger-agent=transport=dt_socket,embedding=1,server=y,suspend=n,address=127.0.0.1:56204
Begin MonoManager ReloadAssembly
Registering precompiled unity dll's ...
Register platform support module: C:/Program Files/Unity/Hub/Editor/2020.3.11f1/Editor/Data/PlaybackEngines/WebGLSupport/UnityEditor.WebGL.Extensions.dll
Register platform support module: C:/Program Files/Unity/Hub/Editor/2020.3.11f1/Editor/Data/PlaybackEngines/WindowsStandaloneSupport/UnityEditor.WindowsStandalone.Extensions.dll
Registered in 0.002923 seconds.
Native extension for WindowsStandalone target not found
Native extension for WebGL target not found
Refreshing native plugins compatible for Editor in 32.08 ms, found 5 plugins.
Preloading 1 native plugins for Editor in 0.05 ms.
Mono: successfully reloaded assembly
- Completed reload, in  2.048 seconds
Platform modules already initialized, skipping
Registering precompiled user dll's ...
Registered in 0.005530 seconds.
Begin MonoManager ReloadAssembly
Native extension for WindowsStandalone target not found
Native extension for WebGL target not found
Refreshing native plugins compatible for Editor in 0.44 ms, found 5 plugins.
Preloading 1 native plugins for Editor in 0.06 ms.
[XR] OculusXRPlugin: registering subsystems
[XR] Unable to register display lifecyle provider: [1]
[XR] Oculus Input lifecycle provider registered.
[XR] Unable to register input lifecyle provider: [1]
NullReferenceException: Object reference not set to an instance of an object
  at Unity.XR.Oculus.OculusLoader.AssetPathToAbsolutePath (System.String assetPath) [0x00048] in E:\VR2\VR2\VR\Library\PackageCache\com.unity.xr.oculus@1.9.1\Runtime\OculusLoader.cs:249 
  at Unity.XR.Oculus.OculusLoader.EditorLoadOVRPlugin () [0x0007b] in E:\VR2\VR2\VR\Library\PackageCache\com.unity.xr.oculus@1.9.1\Runtime\OculusLoader.cs:234 

(Filename: Library/PackageCache/com.unity.xr.oculus@1.9.1/Runtime/OculusLoader.cs Line: 249)

Mono: successfully reloaded assembly
- Completed reload, in  1.238 seconds
Platform modules already initialized, skipping
========================================================================
Worker process is ready to serve import requests
Launched and connected shader compiler UnityShaderCompiler.exe after 0.04 seconds
Refreshing native plugins compatible for Editor in 0.45 ms, found 5 plugins.
Preloading 1 native plugins for Editor in 0.06 ms.
Unloading 1487 Unused Serialized files (Serialized files now loaded: 0)
System memory in use before: 68.0 MB.
System memory in use after: 68.1 MB.

Unloading 20 unused Assets to reduce memory usage. Loaded Objects now: 1920.
Total: 2.477000 ms (FindLiveObjects: 0.172800 ms CreateObjectMapping: 0.052600 ms MarkObjects: 2.169300 ms  DeleteObjects: 0.081200 ms)

========================================================================
Received Import Request.
  path: Assets
  artifactKey: Guid(00000000000000001000000000000000) Importer(815301076,1909f56bfc062723c751e8b465ee728b)
Start importing Assets using Guid(00000000000000001000000000000000) Importer(815301076,1909f56bfc062723c751e8b465ee728b)  -> (artifact id: '42d402b061de3733987d63b9cc3b64de') in 0.010552 seconds
  Import took 0.013133 seconds .

========================================================================
Received Import Request.
  Time since last request: 16.272493 seconds.
  path: Assets/Materials
  artifactKey: Guid(381d6a781e5df9c4aaaabc64263f031e) Importer(815301076,1909f56bfc062723c751e8b465ee728b)
Start importing Assets/Materials using Guid(381d6a781e5df9c4aaaabc64263f031e) Importer(815301076,1909f56bfc062723c751e8b465ee728b)  -> (artifact id: '8128b5e3222f53cb0fd88386c0dea821') in 0.008509 seconds
  Import took 0.011516 seconds .

========================================================================
Received Import Request.
  Time since last request: 49.265065 seconds.
  path: Assets/Materials/Ground.mat
  artifactKey: Guid(7b893048f7a7ade42acc81cf83983749) Importer(815301076,1909f56bfc062723c751e8b465ee728b)
Start importing Assets/Materials/Ground.mat using Guid(7b893048f7a7ade42acc81cf83983749) Importer(815301076,1909f56bfc062723c751e8b465ee728b)  -> (artifact id: 'c5713be488adf1e698d9fdca1a405903') in 0.154844 seconds
  Import took 0.158392 seconds .

========================================================================
Received Import Request.
  Time since last request: 19.761233 seconds.
  path: Assets/Materials/Obstacles.mat
  artifactKey: Guid(e3b0c6849119f4a4c9fdfe381bb19d6d) Importer(815301076,1909f56bfc062723c751e8b465ee728b)
Start importing Assets/Materials/Obstacles.mat using Guid(e3b0c6849119f4a4c9fdfe381bb19d6d) Importer(815301076,1909f56bfc062723c751e8b465ee728b)  -> (artifact id: '57b1ec24f1b04889363001df2dabea4f') in 0.018588 seconds
  Import took 0.021662 seconds .

========================================================================
Received Import Request.
  Time since last request: 343.200025 seconds.
  path: Assets/Materials/Ground.mat
  artifactKey: Guid(7b893048f7a7ade42acc81cf83983749) Importer(815301076,1909f56bfc062723c751e8b465ee728b)
Start importing Assets/Materials/Ground.mat using Guid(7b893048f7a7ade42acc81cf83983749) Importer(815301076,1909f56bfc062723c751e8b465ee728b)  -> (artifact id: 'cc291df0299d69ecb864f2b90cf1484e') in 0.024020 seconds
  Import took 0.028234 seconds .

========================================================================
Received Import Request.
  Time since last request: 0.000275 seconds.
  path: Assets/Materials/Obstacles.mat
  artifactKey: Guid(e3b0c6849119f4a4c9fdfe381bb19d6d) Importer(815301076,1909f56bfc062723c751e8b465ee728b)
Start importing Assets/Materials/Obstacles.mat using Guid(e3b0c6849119f4a4c9fdfe381bb19d6d) Importer(815301076,1909f56bfc062723c751e8b465ee728b)  -> (artifact id: 'ae459ef293371b12586e14975ed8f82c') in 0.015543 seconds
  Import took 0.018887 seconds .

========================================================================
Received Import Request.
  Time since last request: 220.037120 seconds.
  path: Assets/Materials/Obstacles 1.mat
  artifactKey: Guid(2a686f2403edbc24cb5d942b2d15b156) Importer(815301076,1909f56bfc062723c751e8b465ee728b)
Start importing Assets/Materials/Obstacles 1.mat using Guid(2a686f2403edbc24cb5d942b2d15b156) Importer(815301076,1909f56bfc062723c751e8b465ee728b)  -> (artifact id: '355f577d4e8ea1795c16db0501488d85') in 0.031707 seconds
  Import took 0.035292 seconds .

========================================================================
Received Import Request.
  Time since last request: 899.569571 seconds.
  path: Assets/Materials/Obstacles 2.mat
  artifactKey: Guid(0cb0de099363b76488e7e45280124654) Importer(815301076,1909f56bfc062723c751e8b465ee728b)
Start importing Assets/Materials/Obstacles 2.mat using Guid(0cb0de099363b76488e7e45280124654) Importer(815301076,1909f56bfc062723c751e8b465ee728b)  -> (artifact id: 'a918dff2eef53accaddcee7200e10b4d') in 0.044793 seconds
  Import took 0.048399 seconds .

========================================================================
Received Prepare
Refreshing native plugins compatible for Editor in 3.55 ms, found 5 plugins.
Preloading 1 native plugins for Editor in 0.06 ms.
Unloading 12 Unused Serialized files (Serialized files now loaded: 0)
System memory in use before: 42.3 MB.
System memory in use after: 42.3 MB.

Unloading 12 unused Assets to reduce memory usage. Loaded Objects now: 1960.
Total: 3.488300 ms (FindLiveObjects: 0.246800 ms CreateObjectMapping: 0.145700 ms MarkObjects: 3.020000 ms  DeleteObjects: 0.075000 ms)

========================================================================
Received Import Request.
  Time since last request: 727.164599 seconds.
  path: Assets/Materials/結束遊戲音樂.mp3
  artifactKey: Guid(46520c0dc69178a41aa224c8b8ce3a9e) Importer(815301076,1909f56bfc062723c751e8b465ee728b)
Start importing Assets/Materials/結束遊戲音樂.mp3 using Guid(46520c0dc69178a41aa224c8b8ce3a9e) Importer(815301076,1909f56bfc062723c751e8b465ee728b)  -> (artifact id: '40dd483bf06913c17cdeb8e0a2b8c511') in 0.081656 seconds
  Import took 0.085614 seconds .

========================================================================
Received Prepare
Refreshing native plugins compatible for Editor in 3.24 ms, found 5 plugins.
Preloading 1 native plugins for Editor in 0.06 ms.
Unloading 12 Unused Serialized files (Serialized files now loaded: 0)
System memory in use before: 42.3 MB.
System memory in use after: 42.4 MB.

Unloading 12 unused Assets to reduce memory usage. Loaded Objects now: 1962.
Total: 3.912100 ms (FindLiveObjects: 0.176100 ms CreateObjectMapping: 0.121100 ms MarkObjects: 3.564000 ms  DeleteObjects: 0.049400 ms)

AssetImportWorkerClient::OnTransportError - code=2 error=End of file
